<?xml version="1.0" encoding="UTF-8"?>
<!-- Generated by org.testng.reporters.JUnitXMLReporter -->
<testsuite hostname="LAPTOP-TBA24BB5" ignored="0" name="Default test" tests="5" failures="0" timestamp="2022-11-14T15:06:36 IST" time="187.191" errors="0">
  <testcase name="Login" time="35.377" classname="cfo.CFOcountInternal"/>
  <testcase name="clickCategoriesInternal" time="70.294" classname="cfo.CFOcountInternal"/>
  <testcase name="ClickCompliancesInternal" time="13.447" classname="cfo.CFOcountInternal"/>
  <testcase name="clickUsersInternal" time="14.925" classname="cfo.CFOcountInternal"/>
  <testcase name="SummaryofOverdueCompliances" time="36.464" classname="cfo.CFOcountInternal"/>
</testsuite> <!-- Default test -->
