<?xml version="1.0" encoding="UTF-8"?>
<!-- Generated by org.testng.reporters.JUnitXMLReporter -->
<testsuite hostname="LAPTOP-TBA24BB5" ignored="0" name="Default test" tests="14" failures="0" timestamp="2022-12-05T16:47:24 IST" time="658.591" errors="0">
  <testcase name="Login" time="50.41" classname="approval.ApprovalcountInternal"/>
  <testcase name="clickCategoriesInternal" time="70.896" classname="approval.ApprovalcountInternal"/>
  <testcase name="ClickCompliancesInternal" time="13.788" classname="approval.ApprovalcountInternal"/>
  <testcase name="clickUsersInternal" time="15.49" classname="approval.ApprovalcountInternal"/>
  <testcase name="SummaryofOverdueCompliances" time="36.57" classname="approval.ApprovalcountInternal"/>
  <testcase name="NotCompleted_PieChart" time="35.923" classname="approval.ApprovalcountInternal"/>
  <testcase name="Overdue_PieChartInternal" time="34.922" classname="approval.ApprovalcountInternal"/>
  <testcase name="PFR_PieChartInternal" time="71.989" classname="approval.ApprovalcountInternal"/>
  <testcase name="Rejected_PieChartInternal" time="62.411" classname="approval.ApprovalcountInternal"/>
  <testcase name="NotCompleted_PieChartPeriod" time="50.879" classname="approval.ApprovalcountInternal"/>
  <testcase name="Overdue_PieChartInternalPeriod" time="36.826" classname="approval.ApprovalcountInternal"/>
  <testcase name="PFR_PieChartInternalPeriod" time="75.724" classname="approval.ApprovalcountInternal"/>
  <testcase name="Rejected_PieChartInternalPeriod" time="62.527" classname="approval.ApprovalcountInternal"/>
  <testcase name="AssignmentReportInternal" time="21.365" classname="approval.ApprovalcountInternal"/>
</testsuite> <!-- Default test -->
