<?xml version="1.0" encoding="UTF-8"?>
<!-- Generated by org.testng.reporters.JUnitXMLReporter -->
<testsuite ignored="29" hostname="ashitosh-Acer" failures="0" tests="1" name="cfo2" time="21.123" errors="0" timestamp="2020-02-25T13:32:22 IST">
  <testcase classname="cfo.CFOcountStatutory" name="Login" time="12.002"/>
  <testcase classname="cfo.CFOcountStatutory" name="AssignmentReport" time="0.0">
    <ignored/>
  </testcase> <!-- AssignmentReport -->
  <testcase classname="cfo.CFOcountStatutory" name="AuditReport" time="0.0">
    <ignored/>
  </testcase> <!-- AuditReport -->
  <testcase classname="cfo.CFOcountStatutory" name="BargraphLabourLowStatutory" time="0.0">
    <ignored/>
  </testcase> <!-- BargraphLabourLowStatutory -->
  <testcase classname="cfo.CFOcountStatutory" name="BargraphLabourMediumStatutory" time="0.0">
    <ignored/>
  </testcase> <!-- BargraphLabourMediumStatutory -->
  <testcase classname="cfo.CFOcountStatutory" name="UsageReport" time="0.0">
    <ignored/>
  </testcase> <!-- UsageReport -->
  <testcase classname="cfo.CFOcountStatutory" name="clickPenaltyStatutory" time="0.0">
    <ignored/>
  </testcase> <!-- clickPenaltyStatutory -->
  <testcase classname="cfo.CFOcountStatutory" name="AfterDueDate_HighStatutory" time="0.0">
    <ignored/>
  </testcase> <!-- AfterDueDate_HighStatutory -->
  <testcase classname="cfo.CFOcountStatutory" name="NotCompleted_LowStatutory" time="0.0">
    <ignored/>
  </testcase> <!-- NotCompleted_LowStatutory -->
  <testcase classname="cfo.CFOcountStatutory" name="NotCompleted_MediumStatutory" time="0.0">
    <ignored/>
  </testcase> <!-- NotCompleted_MediumStatutory -->
  <testcase classname="cfo.CFOcountStatutory" name="ComplianceCalendar" time="0.0">
    <ignored/>
  </testcase> <!-- ComplianceCalendar -->
  <testcase classname="cfo.CFOcountStatutory" name="RiskSummaryHighStatutory" time="0.0">
    <ignored/>
  </testcase> <!-- RiskSummaryHighStatutory -->
  <testcase classname="cfo.CFOcountStatutory" name="RiskSummaryMediumStatutory" time="0.0">
    <ignored/>
  </testcase> <!-- RiskSummaryMediumStatutory -->
  <testcase classname="cfo.CFOcountStatutory" name="AfterDueDate_LowStatutory" time="0.0">
    <ignored/>
  </testcase> <!-- AfterDueDate_LowStatutory -->
  <testcase classname="cfo.CFOcountStatutory" name="RiskSummaryLowStatutory" time="0.0">
    <ignored/>
  </testcase> <!-- RiskSummaryLowStatutory -->
  <testcase classname="cfo.CFOcountStatutory" name="ClickCompliancesStatutory" time="0.0">
    <ignored/>
  </testcase> <!-- ClickCompliancesStatutory -->
  <testcase classname="cfo.CFOcountStatutory" name="BargraphLabourHighStatutory" time="0.0">
    <ignored/>
  </testcase> <!-- BargraphLabourHighStatutory -->
  <testcase classname="cfo.CFOcountStatutory" name="GradingReportStatutory" time="0.0">
    <ignored/>
  </testcase> <!-- GradingReportStatutory -->
  <testcase classname="cfo.CFOcountStatutory" name="AfterDueDate_MediumStatutory" time="0.0">
    <ignored/>
  </testcase> <!-- AfterDueDate_MediumStatutory -->
  <testcase classname="cfo.CFOcountStatutory" name="DetailedReport" time="0.0">
    <ignored/>
  </testcase> <!-- DetailedReport -->
  <testcase classname="cfo.CFOcountStatutory" name="clickUsersStatutory" time="0.0">
    <ignored/>
  </testcase> <!-- clickUsersStatutory -->
  <testcase classname="cfo.CFOcountStatutory" name="PenaltySummaryHighStatutory" time="0.0">
    <ignored/>
  </testcase> <!-- PenaltySummaryHighStatutory -->
  <testcase classname="cfo.CFOcountStatutory" name="InTime_HighStatutory" time="0.0">
    <ignored/>
  </testcase> <!-- InTime_HighStatutory -->
  <testcase classname="cfo.CFOcountStatutory" name="DepartmentSummaryLowStatutory" time="0.0">
    <ignored/>
  </testcase> <!-- DepartmentSummaryLowStatutory -->
  <testcase classname="cfo.CFOcountStatutory" name="clickCategoriesStatutory" time="0.0">
    <ignored/>
  </testcase> <!-- clickCategoriesStatutory -->
  <testcase classname="cfo.CFOcountStatutory" name="InTime_MediumStatutory" time="0.0">
    <ignored/>
  </testcase> <!-- InTime_MediumStatutory -->
  <testcase classname="cfo.CFOcountStatutory" name="NotCompleted_HighStatutory" time="0.0">
    <ignored/>
  </testcase> <!-- NotCompleted_HighStatutory -->
  <testcase classname="cfo.CFOcountStatutory" name="DepartmentSummaryMediumStatutory" time="0.0">
    <ignored/>
  </testcase> <!-- DepartmentSummaryMediumStatutory -->
  <testcase classname="cfo.CFOcountStatutory" name="DepartmentSummaryHighStatutory" time="0.0">
    <ignored/>
  </testcase> <!-- DepartmentSummaryHighStatutory -->
  <testcase classname="cfo.CFOcountStatutory" name="InTime_LowStatutory" time="0.0">
    <ignored/>
  </testcase> <!-- InTime_LowStatutory -->
</testsuite> <!-- cfo2 -->
