<?xml version="1.0" encoding="UTF-8"?>
<!-- Generated by org.testng.reporters.JUnitXMLReporter -->
<testsuite ignored="4" hostname="ashitosh-Acer" failures="0" tests="2" name="reviewer" time="61.369" errors="0" timestamp="2020-02-25T13:31:07 IST">
  <testcase classname="reviewer.PendingReviewCount" name="Login" time="16.114"/>
  <testcase classname="reviewer.PendingReviewCount" name="MyReminder" time="37.507"/>
  <testcase classname="reviewer.PendingReviewCount" name="ReviewCountStatutoryReject" time="0.0">
    <ignored/>
  </testcase> <!-- ReviewCountStatutoryReject -->
  <testcase classname="reviewer.PendingReviewCount" name="ReviewCountInternalReject" time="0.0">
    <ignored/>
  </testcase> <!-- ReviewCountInternalReject -->
  <testcase classname="reviewer.PendingReviewCount" name="ReviewCountStatutoryApprove" time="0.0">
    <ignored/>
  </testcase> <!-- ReviewCountStatutoryApprove -->
  <testcase classname="reviewer.PendingReviewCount" name="ReviewCountInternalApprove" time="0.0">
    <ignored/>
  </testcase> <!-- ReviewCountInternalApprove -->
</testsuite> <!-- reviewer -->
