<?xml version="1.0" encoding="UTF-8"?>
<testng-results skipped="0" failed="0" ignored="0" total="2" passed="2">
  <reporter-output>
  </reporter-output>
  <suite name="Default suite" duration-ms="125758" started-at="2022-12-20T19:33:42 IST" finished-at="2022-12-20T19:35:48 IST">
    <groups>
    </groups>
    <test name="Default test" duration-ms="125758" started-at="2022-12-20T19:33:42 IST" finished-at="2022-12-20T19:35:48 IST">
      <class name="reviewer.ReviewerCount">
        <test-method status="PASS" signature="setBrowser()[pri:0, instance:reviewer.ReviewerCount@91771e]" name="setBrowser" is-config="true" duration-ms="35774" started-at="2022-12-20T19:33:42 IST" finished-at="2022-12-20T19:34:18 IST">
          <reporter-output>
          </reporter-output>
        </test-method> <!-- setBrowser -->
        <test-method status="PASS" signature="Login()[pri:1, instance:reviewer.ReviewerCount@91771e]" name="Login" duration-ms="45811" started-at="2022-12-20T19:34:18 IST" finished-at="2022-12-20T19:35:04 IST">
          <reporter-output>
          </reporter-output>
        </test-method> <!-- Login -->
        <test-method status="PASS" signature="MyEscalation()[pri:9, instance:reviewer.ReviewerCount@91771e]" name="MyEscalation" duration-ms="44066" started-at="2022-12-20T19:35:04 IST" finished-at="2022-12-20T19:35:48 IST">
          <reporter-output>
          </reporter-output>
        </test-method> <!-- MyEscalation -->
      </class> <!-- reviewer.ReviewerCount -->
    </test> <!-- Default test -->
  </suite> <!-- Default suite -->
</testng-results>
