<?xml version="1.0" encoding="UTF-8"?>
<testng-results skipped="0" failed="0" ignored="0" total="2" passed="2">
  <reporter-output>
  </reporter-output>
  <suite name="Default suite" duration-ms="82072" started-at="2022-12-02T19:31:34 IST" finished-at="2022-12-02T19:32:56 IST">
    <groups>
    </groups>
    <test name="Default test" duration-ms="82072" started-at="2022-12-02T19:31:34 IST" finished-at="2022-12-02T19:32:56 IST">
      <class name="cfo.CFOcountStatutory">
        <test-method status="PASS" signature="setBrowser()[pri:0, instance:cfo.CFOcountStatutory@bf3d14]" name="setBrowser" is-config="true" duration-ms="34619" started-at="2022-12-02T19:31:34 IST" finished-at="2022-12-02T19:32:09 IST">
          <reporter-output>
          </reporter-output>
        </test-method> <!-- setBrowser -->
        <test-method status="PASS" signature="Login()[pri:1, instance:cfo.CFOcountStatutory@bf3d14]" name="Login" duration-ms="28597" started-at="2022-12-02T19:32:09 IST" finished-at="2022-12-02T19:32:37 IST">
          <reporter-output>
          </reporter-output>
        </test-method> <!-- Login -->
        <test-method status="PASS" signature="CompliancesCountMatch()[pri:3, instance:cfo.CFOcountStatutory@bf3d14]" name="CompliancesCountMatch" duration-ms="18734" started-at="2022-12-02T19:32:37 IST" finished-at="2022-12-02T19:32:56 IST">
          <reporter-output>
          </reporter-output>
        </test-method> <!-- CompliancesCountMatch -->
        <test-method status="PASS" signature="Closing()[pri:0, instance:cfo.CFOcountStatutory@bf3d14]" name="Closing" is-config="true" duration-ms="0" started-at="2022-12-02T19:32:56 IST" finished-at="2022-12-02T19:32:56 IST">
          <reporter-output>
          </reporter-output>
        </test-method> <!-- Closing -->
      </class> <!-- cfo.CFOcountStatutory -->
    </test> <!-- Default test -->
  </suite> <!-- Default suite -->
</testng-results>
