<?xml version="1.0" encoding="UTF-8"?>
<testng-results skipped="0" failed="0" ignored="0" total="1" passed="1">
  <reporter-output>
  </reporter-output>
  <suite name="Default suite" duration-ms="31053" started-at="2022-12-23T16:50:09 IST" finished-at="2022-12-23T16:50:40 IST">
    <groups>
    </groups>
    <test name="Default test" duration-ms="31053" started-at="2022-12-23T16:50:09 IST" finished-at="2022-12-23T16:50:40 IST">
      <class name="pom.TestCases">
        <test-method status="PASS" signature="Login1()[pri:0, instance:pom.TestCases@3d45bd]" name="Login1" duration-ms="30965" started-at="2022-12-23T16:50:09 IST" finished-at="2022-12-23T16:50:40 IST">
          <reporter-output>
          </reporter-output>
        </test-method> <!-- Login1 -->
      </class> <!-- pom.TestCases -->
    </test> <!-- Default test -->
  </suite> <!-- Default suite -->
</testng-results>
