<?xml version="1.0" encoding="UTF-8"?>
<testng-results skipped="0" failed="0" ignored="0" total="2" passed="2">
  <reporter-output>
  </reporter-output>
  <suite name="Default suite" duration-ms="96153" started-at="2022-12-15T17:56:31 IST" finished-at="2022-12-15T17:58:07 IST">
    <groups>
    </groups>
    <test name="Default test" duration-ms="96153" started-at="2022-12-15T17:56:31 IST" finished-at="2022-12-15T17:58:07 IST">
      <class name="performer.OverdueCount">
        <test-method status="PASS" signature="setBrowser()[pri:0, instance:performer.OverdueCount@bf3d14]" name="setBrowser" is-config="true" duration-ms="11731" started-at="2022-12-15T17:56:31 IST" finished-at="2022-12-15T17:56:43 IST">
          <reporter-output>
          </reporter-output>
        </test-method> <!-- setBrowser -->
        <test-method status="PASS" signature="Login()[pri:1, instance:performer.OverdueCount@bf3d14]" name="Login" duration-ms="36663" started-at="2022-12-15T17:56:43 IST" finished-at="2022-12-15T17:57:20 IST">
          <reporter-output>
          </reporter-output>
        </test-method> <!-- Login -->
        <test-method status="PASS" signature="PerformerTaskPerformRejectedInternal()[pri:31, instance:performer.OverdueCount@bf3d14]" name="PerformerTaskPerformRejectedInternal" duration-ms="47663" started-at="2022-12-15T17:57:20 IST" finished-at="2022-12-15T17:58:07 IST">
          <reporter-output>
          </reporter-output>
        </test-method> <!-- PerformerTaskPerformRejectedInternal -->
        <test-method status="PASS" signature="Closing()[pri:0, instance:performer.OverdueCount@bf3d14]" name="Closing" is-config="true" duration-ms="0" started-at="2022-12-15T17:58:07 IST" finished-at="2022-12-15T17:58:07 IST">
          <reporter-output>
          </reporter-output>
        </test-method> <!-- Closing -->
      </class> <!-- performer.OverdueCount -->
    </test> <!-- Default test -->
  </suite> <!-- Default suite -->
</testng-results>
