<?xml version="1.0" encoding="UTF-8"?>
<testng-results skipped="0" failed="0" ignored="0" total="2" passed="2">
  <reporter-output>
  </reporter-output>
  <suite name="Default suite" duration-ms="138748" started-at="2022-12-16T18:03:55 IST" finished-at="2022-12-16T18:06:14 IST">
    <groups>
    </groups>
    <test name="Default test" duration-ms="138748" started-at="2022-12-16T18:03:55 IST" finished-at="2022-12-16T18:06:14 IST">
      <class name="performer.OverdueCount">
        <test-method status="PASS" signature="setBrowser()[pri:0, instance:performer.OverdueCount@bf3d14]" name="setBrowser" is-config="true" duration-ms="31897" started-at="2022-12-16T18:03:55 IST" finished-at="2022-12-16T18:04:27 IST">
          <reporter-output>
          </reporter-output>
        </test-method> <!-- setBrowser -->
        <test-method status="PASS" signature="Login()[pri:1, instance:performer.OverdueCount@bf3d14]" name="Login" duration-ms="30680" started-at="2022-12-16T18:04:27 IST" finished-at="2022-12-16T18:04:58 IST">
          <reporter-output>
          </reporter-output>
        </test-method> <!-- Login -->
        <test-method status="PASS" signature="CriticalDocuments()[pri:13, instance:performer.OverdueCount@bf3d14]" name="CriticalDocuments" duration-ms="76087" started-at="2022-12-16T18:04:58 IST" finished-at="2022-12-16T18:06:14 IST">
          <reporter-output>
          </reporter-output>
        </test-method> <!-- CriticalDocuments -->
        <test-method status="PASS" signature="Closing()[pri:0, instance:performer.OverdueCount@bf3d14]" name="Closing" is-config="true" duration-ms="0" started-at="2022-12-16T18:06:14 IST" finished-at="2022-12-16T18:06:14 IST">
          <reporter-output>
          </reporter-output>
        </test-method> <!-- Closing -->
      </class> <!-- performer.OverdueCount -->
    </test> <!-- Default test -->
  </suite> <!-- Default suite -->
</testng-results>
