<?xml version="1.0" encoding="UTF-8"?>
<testng-results skipped="0" failed="0" ignored="0" total="2" passed="2">
  <reporter-output>
  </reporter-output>
  <suite name="Default suite" duration-ms="278609" started-at="2022-12-28T17:52:23 IST" finished-at="2022-12-28T17:57:02 IST">
    <groups>
    </groups>
    <test name="Default test" duration-ms="278609" started-at="2022-12-28T17:52:23 IST" finished-at="2022-12-28T17:57:02 IST">
      <class name="performer.OverdueCount">
        <test-method status="PASS" signature="setBrowser()[pri:0, instance:performer.OverdueCount@bf3d14]" name="setBrowser" is-config="true" duration-ms="30332" started-at="2022-12-28T17:52:23 IST" finished-at="2022-12-28T17:52:53 IST">
          <reporter-output>
          </reporter-output>
        </test-method> <!-- setBrowser -->
        <test-method status="PASS" signature="Login()[pri:1, instance:performer.OverdueCount@bf3d14]" name="Login" duration-ms="55472" started-at="2022-12-28T17:52:53 IST" finished-at="2022-12-28T17:53:49 IST">
          <reporter-output>
          </reporter-output>
        </test-method> <!-- Login -->
        <test-method status="PASS" signature="DetailedReportIn()[pri:13, instance:performer.OverdueCount@bf3d14]" name="DetailedReportIn" duration-ms="192709" started-at="2022-12-28T17:53:49 IST" finished-at="2022-12-28T17:57:02 IST">
          <reporter-output>
          </reporter-output>
        </test-method> <!-- DetailedReportIn -->
        <test-method status="PASS" signature="Closing()[pri:0, instance:performer.OverdueCount@bf3d14]" name="Closing" is-config="true" duration-ms="1" started-at="2022-12-28T17:57:02 IST" finished-at="2022-12-28T17:57:02 IST">
          <reporter-output>
          </reporter-output>
        </test-method> <!-- Closing -->
      </class> <!-- performer.OverdueCount -->
    </test> <!-- Default test -->
  </suite> <!-- Default suite -->
</testng-results>
