<?xml version="1.0" encoding="UTF-8"?>
<testng-results skipped="0" failed="0" ignored="0" total="6" passed="6">
  <reporter-output>
  </reporter-output>
  <suite name="Default suite" duration-ms="307329" started-at="2022-12-14T18:35:14 IST" finished-at="2022-12-14T18:40:21 IST">
    <groups>
    </groups>
    <test name="Default test" duration-ms="307329" started-at="2022-12-14T18:35:14 IST" finished-at="2022-12-14T18:40:21 IST">
      <class name="performer.OverdueCount">
        <test-method status="PASS" signature="setBrowser()[pri:0, instance:performer.OverdueCount@bf3d14]" name="setBrowser" is-config="true" duration-ms="15007" started-at="2022-12-14T18:35:14 IST" finished-at="2022-12-14T18:35:29 IST">
          <reporter-output>
          </reporter-output>
        </test-method> <!-- setBrowser -->
        <test-method status="PASS" signature="Login()[pri:1, instance:performer.OverdueCount@bf3d14]" name="Login" duration-ms="26744" started-at="2022-12-14T18:35:29 IST" finished-at="2022-12-14T18:35:56 IST">
          <reporter-output>
          </reporter-output>
        </test-method> <!-- Login -->
        <test-method status="PASS" signature="InternalCheckListAction()[pri:7, instance:performer.OverdueCount@bf3d14]" name="InternalCheckListAction" duration-ms="92385" started-at="2022-12-14T18:35:56 IST" finished-at="2022-12-14T18:37:28 IST">
          <reporter-output>
          </reporter-output>
        </test-method> <!-- InternalCheckListAction -->
        <test-method status="PASS" signature="DashboardRejectStatutory()[pri:8, instance:performer.OverdueCount@bf3d14]" name="DashboardRejectStatutory" duration-ms="49298" started-at="2022-12-14T18:37:28 IST" finished-at="2022-12-14T18:38:18 IST">
          <reporter-output>
          </reporter-output>
        </test-method> <!-- DashboardRejectStatutory -->
        <test-method status="PASS" signature="DashboardRejectInternal()[pri:9, instance:performer.OverdueCount@bf3d14]" name="DashboardRejectInternal" duration-ms="44165" started-at="2022-12-14T18:38:18 IST" finished-at="2022-12-14T18:39:02 IST">
          <reporter-output>
          </reporter-output>
        </test-method> <!-- DashboardRejectInternal -->
        <test-method status="PASS" signature="ComplianceUpdateTask()[pri:17, instance:performer.OverdueCount@bf3d14]" name="ComplianceUpdateTask" duration-ms="36157" started-at="2022-12-14T18:39:02 IST" finished-at="2022-12-14T18:39:38 IST">
          <reporter-output>
          </reporter-output>
        </test-method> <!-- ComplianceUpdateTask -->
        <test-method status="PASS" signature="PenaltyUpdation()[pri:26, instance:performer.OverdueCount@bf3d14]" name="PenaltyUpdation" duration-ms="43378" started-at="2022-12-14T18:39:38 IST" finished-at="2022-12-14T18:40:21 IST">
          <reporter-output>
          </reporter-output>
        </test-method> <!-- PenaltyUpdation -->
        <test-method status="PASS" signature="Closing()[pri:0, instance:performer.OverdueCount@bf3d14]" name="Closing" is-config="true" duration-ms="0" started-at="2022-12-14T18:40:21 IST" finished-at="2022-12-14T18:40:21 IST">
          <reporter-output>
          </reporter-output>
        </test-method> <!-- Closing -->
      </class> <!-- performer.OverdueCount -->
    </test> <!-- Default test -->
  </suite> <!-- Default suite -->
</testng-results>
