<?xml version="1.0" encoding="UTF-8"?>
<testng-results skipped="0" failed="0" ignored="0" total="2" passed="2">
  <reporter-output>
  </reporter-output>
  <suite name="Default suite" duration-ms="91512" started-at="2023-01-03T17:40:12 IST" finished-at="2023-01-03T17:41:44 IST">
    <groups>
    </groups>
    <test name="Default test" duration-ms="91512" started-at="2023-01-03T17:40:12 IST" finished-at="2023-01-03T17:41:44 IST">
      <class name="reviewer.ReviewerCount">
        <test-method status="PASS" signature="setBrowser()[pri:0, instance:reviewer.ReviewerCount@91771e]" name="setBrowser" is-config="true" duration-ms="20104" started-at="2023-01-03T17:40:12 IST" finished-at="2023-01-03T17:40:32 IST">
          <reporter-output>
          </reporter-output>
        </test-method> <!-- setBrowser -->
        <test-method status="PASS" signature="Login()[pri:1, instance:reviewer.ReviewerCount@91771e]" name="Login" duration-ms="37386" started-at="2023-01-03T17:40:32 IST" finished-at="2023-01-03T17:41:10 IST">
          <reporter-output>
          </reporter-output>
        </test-method> <!-- Login -->
        <test-method status="PASS" signature="ReviewCountInternalASR()[pri:3, instance:reviewer.ReviewerCount@91771e]" name="ReviewCountInternalASR" duration-ms="33917" started-at="2023-01-03T17:41:10 IST" finished-at="2023-01-03T17:41:44 IST">
          <reporter-output>
          </reporter-output>
        </test-method> <!-- ReviewCountInternalASR -->
      </class> <!-- reviewer.ReviewerCount -->
    </test> <!-- Default test -->
  </suite> <!-- Default suite -->
</testng-results>
