<?xml version="1.0" encoding="UTF-8"?>
<!-- Generated by org.testng.reporters.JUnitReportReporter -->
<testsuite skipped="0" hostname="LAPTOP-TBA24BB5" name="departmentHead.DeptcountStatutory" tests="19" failures="0" timestamp="2022-12-06T19:48:41 IST" time="1661.093" errors="1">
  <testcase name="Login" time="50.134" classname="departmentHead.DeptcountStatutory"/>
  <system-out/>
  <testcase name="CompliancesCountMatch" time="23.605" classname="departmentHead.DeptcountStatutory"/>
  <system-out/>
  <testcase name="UsersCountMatch" time="24.740" classname="departmentHead.DeptcountStatutory"/>
  <system-out/>
  <testcase name="clickPenaltyStatutory" time="17.232" classname="departmentHead.DeptcountStatutory"/>
  <system-out/>
  <testcase name="SummaryofOverdueCompliances" time="37.627" classname="departmentHead.DeptcountStatutory"/>
  <system-out/>
  <testcase name="NotCompleted_PieChart" time="138.606" classname="departmentHead.DeptcountStatutory"/>
  <system-out/>
  <testcase name="ClosedTimely_PieChart" time="96.365" classname="departmentHead.DeptcountStatutory"/>
  <system-out/>
  <testcase name="Overdue_PieChart" time="162.851" classname="departmentHead.DeptcountStatutory"/>
  <system-out/>
  <testcase name="pendingForReview_PieChart" time="210.880" classname="departmentHead.DeptcountStatutory"/>
  <system-out/>
  <testcase name="inProgress_PieChart" time="75.765" classname="departmentHead.DeptcountStatutory"/>
  <system-out/>
  <testcase name="DepartmentSummaryFinanceStatutory" time="96.004" classname="departmentHead.DeptcountStatutory"/>
  <system-out/>
  <testcase name="NotCompleted_PieChartPeriod" time="132.949" classname="departmentHead.DeptcountStatutory"/>
  <system-out/>
  <testcase name="ClosedTimely_PieChartPeriod" time="94.142" classname="departmentHead.DeptcountStatutory"/>
  <system-out/>
  <testcase name="Overdue_PieChartPeriod" time="154.414" classname="departmentHead.DeptcountStatutory"/>
  <system-out/>
  <testcase name="dueToday_PieChartPeriod" time="89.893" classname="departmentHead.DeptcountStatutory"/>
  <system-out/>
  <testcase name="pendingForReview_PieChartPeriod" time="156.299" classname="departmentHead.DeptcountStatutory"/>
  <system-out/>
  <testcase name="GradingReportStatutory" time="71.864" classname="departmentHead.DeptcountStatutory"/>
  <system-out/>
  <testcase name="DailyUpdates" time="0.604" classname="departmentHead.DeptcountStatutory">
    <error type="org.openqa.selenium.ElementNotInteractableException" message="element not interactable
  (Session info: chrome=108.0.5359.95)
Build info: version: &#039;4.2.1&#039;, revision: &#039;ac4d0fdd4a&#039;
System info: host: &#039;LAPTOP-TBA24BB5&#039;, ip: &#039;169.254.196.149&#039;, os.name: &#039;Windows 10&#039;, os.arch: &#039;x86&#039;, os.version: &#039;10.0&#039;, java.version: &#039;1.8.0_221&#039;
Driver info: org.openqa.selenium.chrome.ChromeDriver
Command: [6b5cbd1463a3e620f4c0859249004358, clickElement {id=b53372bf-ec82-4679-99d5-5dc7eb81f053}]
Capabilities {acceptInsecureCerts: false, browserName: chrome, browserVersion: 108.0.5359.95, chrome: {chromedriverVersion: 108.0.5359.71 (1e0e3868ee06..., userDataDir: C:\Users\sandip\AppData\Loc...}, goog:chromeOptions: {debuggerAddress: localhost:55733}, networkConnectionEnabled: false, pageLoadStrategy: normal, platformName: WINDOWS, proxy: Proxy(), se:cdp: ws://localhost:55733/devtoo..., se:cdpVersion: 108.0.5359.95, setWindowRect: true, strictFileInteractability: false, timeouts: {implicit: 0, pageLoad: 300000, script: 30000}, unhandledPromptBehavior: dismiss and notify, webauthn:extension:credBlob: true, webauthn:extension:largeBlob: true, webauthn:virtualAuthenticators: true}
Element: [[ChromeDriver: chrome on WINDOWS (6b5cbd1463a3e620f4c0859249004358)] -&gt; xpath: //*[@id=&#039;dailyupdates&#039;]/div/div/div[4]/a]
Session ID: 6b5cbd1463a3e620f4c0859249004358">
      <![CDATA[org.openqa.selenium.ElementNotInteractableException: element not interactable
  (Session info: chrome=108.0.5359.95)
Build info: version: '4.2.1', revision: 'ac4d0fdd4a'
System info: host: 'LAPTOP-TBA24BB5', ip: '169.254.196.149', os.name: 'Windows 10', os.arch: 'x86', os.version: '10.0', java.version: '1.8.0_221'
Driver info: org.openqa.selenium.chrome.ChromeDriver
Command: [6b5cbd1463a3e620f4c0859249004358, clickElement {id=b53372bf-ec82-4679-99d5-5dc7eb81f053}]
Capabilities {acceptInsecureCerts: false, browserName: chrome, browserVersion: 108.0.5359.95, chrome: {chromedriverVersion: 108.0.5359.71 (1e0e3868ee06..., userDataDir: C:\Users\sandip\AppData\Loc...}, goog:chromeOptions: {debuggerAddress: localhost:55733}, networkConnectionEnabled: false, pageLoadStrategy: normal, platformName: WINDOWS, proxy: Proxy(), se:cdp: ws://localhost:55733/devtoo..., se:cdpVersion: 108.0.5359.95, setWindowRect: true, strictFileInteractability: false, timeouts: {implicit: 0, pageLoad: 300000, script: 30000}, unhandledPromptBehavior: dismiss and notify, webauthn:extension:credBlob: true, webauthn:extension:largeBlob: true, webauthn:virtualAuthenticators: true}
Element: [[ChromeDriver: chrome on WINDOWS (6b5cbd1463a3e620f4c0859249004358)] -> xpath: //*[@id='dailyupdates']/div/div/div[4]/a]
Session ID: 6b5cbd1463a3e620f4c0859249004358
at sun.reflect.NativeConstructorAccessorImpl.newInstance0(Native Method)
at sun.reflect.NativeConstructorAccessorImpl.newInstance(Unknown Source)
at sun.reflect.DelegatingConstructorAccessorImpl.newInstance(Unknown Source)
at java.lang.reflect.Constructor.newInstance(Unknown Source)
at org.openqa.selenium.remote.codec.w3c.W3CHttpResponseCodec.createException(W3CHttpResponseCodec.java:200)
at org.openqa.selenium.remote.codec.w3c.W3CHttpResponseCodec.decode(W3CHttpResponseCodec.java:133)
at org.openqa.selenium.remote.codec.w3c.W3CHttpResponseCodec.decode(W3CHttpResponseCodec.java:53)
at org.openqa.selenium.remote.HttpCommandExecutor.execute(HttpCommandExecutor.java:184)
at org.openqa.selenium.remote.service.DriverCommandExecutor.invokeExecute(DriverCommandExecutor.java:167)
at org.openqa.selenium.remote.service.DriverCommandExecutor.execute(DriverCommandExecutor.java:142)
at org.openqa.selenium.remote.RemoteWebDriver.execute(RemoteWebDriver.java:551)
at org.openqa.selenium.remote.RemoteWebElement.execute(RemoteWebElement.java:257)
at org.openqa.selenium.remote.RemoteWebElement.click(RemoteWebElement.java:78)
at departmentHead.DeptcountStatutory.DailyUpdates(DeptcountStatutory.java:1821)
at sun.reflect.NativeMethodAccessorImpl.invoke0(Native Method)
at sun.reflect.NativeMethodAccessorImpl.invoke(Unknown Source)
at sun.reflect.DelegatingMethodAccessorImpl.invoke(Unknown Source)
at java.lang.reflect.Method.invoke(Unknown Source)
at org.testng.internal.MethodInvocationHelper.invokeMethod(MethodInvocationHelper.java:133)
at org.testng.internal.TestInvoker.invokeMethod(TestInvoker.java:598)
at org.testng.internal.TestInvoker.invokeTestMethod(TestInvoker.java:173)
at org.testng.internal.MethodRunner.runInSequence(MethodRunner.java:46)
at org.testng.internal.TestInvoker$MethodInvocationAgent.invoke(TestInvoker.java:824)
at org.testng.internal.TestInvoker.invokeTestMethods(TestInvoker.java:146)
at org.testng.internal.TestMethodWorker.invokeTestMethods(TestMethodWorker.java:146)
at org.testng.internal.TestMethodWorker.run(TestMethodWorker.java:128)
at java.util.ArrayList.forEach(Unknown Source)
at org.testng.TestRunner.privateRun(TestRunner.java:794)
at org.testng.TestRunner.run(TestRunner.java:596)
at org.testng.SuiteRunner.runTest(SuiteRunner.java:377)
at org.testng.SuiteRunner.runSequentially(SuiteRunner.java:371)
at org.testng.SuiteRunner.privateRun(SuiteRunner.java:332)
at org.testng.SuiteRunner.run(SuiteRunner.java:276)
at org.testng.SuiteRunnerWorker.runSuite(SuiteRunnerWorker.java:53)
at org.testng.SuiteRunnerWorker.run(SuiteRunnerWorker.java:96)
at org.testng.TestNG.runSuitesSequentially(TestNG.java:1212)
at org.testng.TestNG.runSuitesLocally(TestNG.java:1134)
at org.testng.TestNG.runSuites(TestNG.java:1063)
at org.testng.TestNG.run(TestNG.java:1031)
at org.testng.remote.AbstractRemoteTestNG.run(AbstractRemoteTestNG.java:115)
at org.testng.remote.RemoteTestNG.initAndRun(RemoteTestNG.java:251)
at org.testng.remote.RemoteTestNG.main(RemoteTestNG.java:77)
]]>
    </error>
  </testcase> <!-- DailyUpdates -->
  <system-out/>
  <testcase name="NewsLetterInternal" time="27.119" classname="departmentHead.DeptcountStatutory"/>
  <system-out/>
</testsuite> <!-- departmentHead.DeptcountStatutory -->
